<?xml version="1.0" encoding="UTF-8"?>
<testsuite name="Find out the U de A official site using the browser google chrome" tests="1" skipped="0" failures="1" errors="0" timestamp="2025-11-10T21:14:56.133Z" hostname="nixos" time="0.283">
  <properties/>
  <testcase name="Search the U de A official page using google chrome." classname="Find out the U de A official site using the browser google chrome" time="0.283">
    <failure message="io.cucumber.junit.UndefinedStepException: The step 'I am in the google page' and 2 other step(s) are undefined.&#10;You can implement these steps using the snippet(s) below:&#10;&#10;@Given(&quot;I am in the google page&quot;)&#10;public void iAmInTheGooglePage() {&#10;    // Write code here that turns the phrase above into concrete actions&#10;    throw new io.cucumber.java.PendingException();&#10;}&#10;@When(&quot;I type u de a on google chrome&quot;)&#10;public void iTypeUDeAOnGoogleChrome() {&#10;    // Write code here that turns the phrase above into concrete actions&#10;    throw new io.cucumber.java.PendingException();&#10;}&#10;@Then(&quot;I can see the udea's official page&quot;)&#10;public void iCanSeeTheUdeaSOfficialPage() {&#10;    // Write code here that turns the phrase above into concrete actions&#10;    throw new io.cucumber.java.PendingException();&#10;}&#10;" type="io.cucumber.junit.UndefinedStepException">io.cucumber.junit.UndefinedStepException: The step 'I am in the google page' and 2 other step(s) are undefined.
You can implement these steps using the snippet(s) below:

@Given(&quot;I am in the google page&quot;)
public void iAmInTheGooglePage() {
    // Write code here that turns the phrase above into concrete actions
    throw new io.cucumber.java.PendingException();
}
@When(&quot;I type u de a on google chrome&quot;)
public void iTypeUDeAOnGoogleChrome() {
    // Write code here that turns the phrase above into concrete actions
    throw new io.cucumber.java.PendingException();
}
@Then(&quot;I can see the udea's official page&quot;)
public void iCanSeeTheUdeaSOfficialPage() {
    // Write code here that turns the phrase above into concrete actions
    throw new io.cucumber.java.PendingException();
}

</failure>
  </testcase>
  <system-out><![CDATA[]]></system-out>
  <system-err><![CDATA[[Test worker] INFO  - 
  _____   ___   ___   _____     ___   _____     _     ___   _____   ___   ___  
 |_   _| | __| / __| |_   _|   / __| |_   _|   /_\   | _ \ |_   _| | __| |   \ 
   | |   | _|  \__ \   | |     \__ \   | |    / _ \  |   /   | |   | _|  | |) |
   |_|   |___| |___/   |_|     |___/   |_|   /_/ \_\ |_|_\   |_|   |___| |___/ 

Search the U de A official page using google chrome.(find-out-the-u-de-a-official-site-using-the-browser-google-chrome;search-the-u-de-a-official-page-using-google-chrome.)
--------------------------------------------------------------------------------
[Test worker] INFO  - ?[96m
  _____   ___   ___   _____     ___   ___   _  _   ___    ___   _  _    ___ 
 |_   _| | __| / __| |_   _|   | _ \ | __| | \| | |   \  |_ _| | \| |  / __|
   | |   | _|  \__ \   | |     |  _/ | _|  | .` | | |) |  | |  | .` | | (_ |
   |_|   |___| |___/   |_|     |_|   |___| |_|\_| |___/  |___| |_|\_|  \___|

Search the U de A official page using google chrome.
-----------------------------------------------------------------------------?[0m
]]></system-err>
</testsuite>
