<?xml version="1.0" encoding="UTF-8" standalone="no"?><testsuite errors="0" failures="1" name="Find out the U de A official site using the browser google chrome" skipped="0" tests="1" time="3.61" timestamp="2025-11-13 11:47:29"><testcase name="Search the U de A official page using google chrome."><failure message="&#10;Expected: a string containing &quot;unal&quot;&#10;     but: was &quot;Estudiante&#10;Profesor&#10;Empleado&#10;Egresado&#10;Jubilado&#10;play_circle_outline&#10;EN VIVO&#10;sort Enlaces de interés&#10;person_outline&#10;INGRESAR&quot;" type="java.lang.AssertionError">
Expected: a string containing "unal"
     but: was "Estudiante
Profesor
Empleado
Egresado
Jubilado
play_circle_outline
EN VIVO
sort Enlaces de interés
person_outline
INGRESAR"</failure><system-err>
Expected: a string containing "unal"
     but: was "Estudiante
Profesor
Empleado
Egresado
Jubilado
play_circle_outline
EN VIVO
sort Enlaces de interés
person_outline
INGRESAR"
co.edu.udea.calidad.petStore.stepdefinitions.FindOutStepDefinition.iCanSeeTheUdeaSOfficialPage(FindOutStepDefinition.java:46)
worker.org.gradle.process.internal.worker.GradleWorkerMain.run(GradleWorkerMain.java:69)
worker.org.gradle.process.internal.worker.GradleWorkerMain.main(GradleWorkerMain.java:74)
</system-err></testcase></testsuite>